<?xml version="1.0" encoding="UTF-8"?>
<!-- Generated by org.testng.reporters.JUnitReportReporter -->
<testsuite hostname="Neepa-Laptop" failures="0" tests="1" name="tests.Test_Customer_Login" time="2.114" errors="0" timestamp="2024-03-25T20:43:03 MST" skipped="1">
  <testcase classname="tests.Test_Customer_Login" name="customerlogin" time="2.114">
    <skipped/>
  </testcase> <!-- customerlogin -->
</testsuite> <!-- tests.Test_Customer_Login -->
