<?xml version="1.0" encoding="UTF-8"?>
<!-- Generated by org.testng.reporters.JUnitReportReporter -->
<testsuite hostname="Neepa-Laptop" failures="0" tests="1" name="tests.create_order_test" time="5.861" errors="0" timestamp="2024-03-25T20:43:03 MST" skipped="0">
  <testcase classname="tests.create_order_test" name="create_Order_test" time="5.861"/>
</testsuite> <!-- tests.create_order_test -->
